<?xml version="1.0" encoding="UTF-8"?>
<!-- Generated by org.testng.reporters.JUnitReportReporter -->
<testsuite hostname="MuntasirPranto" failures="0" tests="1" name="TestCases.TC_001_LocatorLearning" time="17.730" errors="0" timestamp="2021-11-28T23:31:35 BDT" skipped="0">
  <testcase classname="TestCases.TC_001_LocatorLearning" name="LocateElement" time="17.730"/>
  <system-out/>
</testsuite> <!-- TestCases.TC_001_LocatorLearning -->
