<?xml version="1.0" encoding="UTF-8"?>
<!-- Generated by org.testng.reporters.JUnitReportReporter -->
<testsuite hostname="MuntasirPranto" failures="0" tests="1" name="TestCases.TC_001_LocatorLearning" time="18.416" errors="0" timestamp="2021-11-21T12:29:17 BDT" skipped="0">
  <testcase classname="TestCases.TC_001_LocatorLearning" name="LocateElement" time="18.416"/>
  <system-out/>
</testsuite> <!-- TestCases.TC_001_LocatorLearning -->
